Epoch 1:   0%|                                                                                                                        | 0/429 [00:00<?, ?it/s]
Traceback (most recent call last):
  File "main.py", line 63, in <module>
    trainer.linear_train_model(train_dataloader, test_dataloader, 'semi-supervised',num_epochs=config['linear_evaluation_epoch'])
  File "/home/anthonypark6904/trainer_module/train_module.py", line 233, in linear_train_model
    self.linear_train_epoch(epoch_idx, train_dataloader, test_dataloader, train_type=train_type)
  File "/home/anthonypark6904/trainer_module/train_module.py", line 246, in linear_train_epoch
    self.state, train_loss, train_accuarcy, train_top_k_accuarcy = self.linear_train_step(self.state, train_batch)
  File "/usr/local/lib/python3.8/dist-packages/jax/_src/traceback_util.py", line 162, in reraise_with_filtered_traceback
    return fun(*args, **kwargs)
  File "/usr/local/lib/python3.8/dist-packages/jax/_src/api.py", line 2156, in cache_miss
    out_tree, out_flat = f_pmapped_(*args, **kwargs)
  File "/usr/local/lib/python3.8/dist-packages/jax/_src/api.py", line 2032, in pmap_f
    out = pxla.xla_pmap(
  File "/usr/local/lib/python3.8/dist-packages/jax/core.py", line 2040, in bind
    return map_bind(self, fun, *args, **params)
  File "/usr/local/lib/python3.8/dist-packages/jax/core.py", line 2072, in map_bind
    outs = primitive.process(top_trace, fun, tracers, params)
  File "/usr/local/lib/python3.8/dist-packages/jax/core.py", line 2043, in process
    return trace.process_map(self, fun, tracers, params)
  File "/usr/local/lib/python3.8/dist-packages/jax/core.py", line 687, in process_call
    return primitive.impl(f, *tracers, **params)
  File "/usr/local/lib/python3.8/dist-packages/jax/interpreters/pxla.py", line 907, in xla_pmap_impl
    compiled_fun, fingerprint = parallel_callable(
  File "/usr/local/lib/python3.8/dist-packages/jax/linear_util.py", line 295, in memoized_fun
    ans = call(fun, *args)
  File "/usr/local/lib/python3.8/dist-packages/jax/interpreters/pxla.py", line 935, in parallel_callable
    pmap_computation = lower_parallel_callable(
  File "/usr/local/lib/python3.8/dist-packages/jax/_src/profiler.py", line 294, in wrapper
    return func(*args, **kwargs)
  File "/usr/local/lib/python3.8/dist-packages/jax/interpreters/pxla.py", line 1108, in lower_parallel_callable
    jaxpr, consts, replicas, parts, shards = stage_parallel_callable(
  File "/usr/local/lib/python3.8/dist-packages/jax/interpreters/pxla.py", line 1015, in stage_parallel_callable
    jaxpr, out_sharded_avals, consts = pe.trace_to_jaxpr_final(
  File "/usr/local/lib/python3.8/dist-packages/jax/_src/profiler.py", line 294, in wrapper
    return func(*args, **kwargs)
  File "/usr/local/lib/python3.8/dist-packages/jax/interpreters/partial_eval.py", line 2176, in trace_to_jaxpr_final
    jaxpr, out_avals, consts = trace_to_subjaxpr_dynamic(
  File "/usr/local/lib/python3.8/dist-packages/jax/interpreters/partial_eval.py", line 2109, in trace_to_subjaxpr_dynamic
    ans = fun.call_wrapped(*in_tracers_)
  File "/usr/local/lib/python3.8/dist-packages/jax/linear_util.py", line 168, in call_wrapped
    ans = self.f(*args, **dict(self.params, **kwargs))
  File "/home/anthonypark6904/trainer_module/train_module.py", line 116, in linear_train_step
    accuracy = top_k(logits, label)
  File "/usr/local/lib/python3.8/dist-packages/jax/_src/traceback_util.py", line 162, in reraise_with_filtered_traceback
    return fun(*args, **kwargs)
  File "/usr/local/lib/python3.8/dist-packages/jax/_src/api.py", line 527, in cache_miss
    out_flat = xla.xla_call(
  File "/usr/local/lib/python3.8/dist-packages/jax/core.py", line 1937, in bind
    return call_bind(self, fun, *args, **params)
  File "/usr/local/lib/python3.8/dist-packages/jax/core.py", line 1953, in call_bind
    outs = top_trace.process_call(primitive, fun_, tracers, params)
  File "/usr/local/lib/python3.8/dist-packages/jax/interpreters/partial_eval.py", line 1843, in process_call
    jaxpr, out_type, consts = trace_to_subjaxpr_dynamic2(f, self.main, debug_info=dbg)
  File "/usr/local/lib/python3.8/dist-packages/jax/interpreters/partial_eval.py", line 2138, in trace_to_subjaxpr_dynamic2
    ans = fun.call_wrapped(*in_tracers_)
  File "/usr/local/lib/python3.8/dist-packages/jax/linear_util.py", line 168, in call_wrapped
    ans = self.f(*args, **dict(self.params, **kwargs))
jax._src.traceback_util.UnfilteredStackTrace: TypeError: top_k() missing 1 required positional argument: 'k'
The stack trace below excludes JAX-internal frames.
The preceding is the original exception that occurred, unmodified.
--------------------
The above exception was the direct cause of the following exception:
Traceback (most recent call last):
  File "main.py", line 63, in <module>
    trainer.linear_train_model(train_dataloader, test_dataloader, 'semi-supervised',num_epochs=config['linear_evaluation_epoch'])
  File "/home/anthonypark6904/trainer_module/train_module.py", line 233, in linear_train_model
    self.linear_train_epoch(epoch_idx, train_dataloader, test_dataloader, train_type=train_type)
  File "/home/anthonypark6904/trainer_module/train_module.py", line 246, in linear_train_epoch
    self.state, train_loss, train_accuarcy, train_top_k_accuarcy = self.linear_train_step(self.state, train_batch)
  File "/home/anthonypark6904/trainer_module/train_module.py", line 116, in linear_train_step
    accuracy = top_k(logits, label)
TypeError: top_k() missing 1 required positional argument: 'k'
Traceback (most recent call last):
  File "main.py", line 63, in <module>
    trainer.linear_train_model(train_dataloader, test_dataloader, 'semi-supervised',num_epochs=config['linear_evaluation_epoch'])
  File "/home/anthonypark6904/trainer_module/train_module.py", line 233, in linear_train_model
    self.linear_train_epoch(epoch_idx, train_dataloader, test_dataloader, train_type=train_type)
  File "/home/anthonypark6904/trainer_module/train_module.py", line 246, in linear_train_epoch
    self.state, train_loss, train_accuarcy, train_top_k_accuarcy = self.linear_train_step(self.state, train_batch)
  File "/usr/local/lib/python3.8/dist-packages/jax/_src/traceback_util.py", line 162, in reraise_with_filtered_traceback
    return fun(*args, **kwargs)
  File "/usr/local/lib/python3.8/dist-packages/jax/_src/api.py", line 2156, in cache_miss
    out_tree, out_flat = f_pmapped_(*args, **kwargs)
  File "/usr/local/lib/python3.8/dist-packages/jax/_src/api.py", line 2032, in pmap_f
    out = pxla.xla_pmap(
  File "/usr/local/lib/python3.8/dist-packages/jax/core.py", line 2040, in bind
    return map_bind(self, fun, *args, **params)
  File "/usr/local/lib/python3.8/dist-packages/jax/core.py", line 2072, in map_bind
    outs = primitive.process(top_trace, fun, tracers, params)
  File "/usr/local/lib/python3.8/dist-packages/jax/core.py", line 2043, in process
    return trace.process_map(self, fun, tracers, params)
  File "/usr/local/lib/python3.8/dist-packages/jax/core.py", line 687, in process_call
    return primitive.impl(f, *tracers, **params)
  File "/usr/local/lib/python3.8/dist-packages/jax/interpreters/pxla.py", line 907, in xla_pmap_impl
    compiled_fun, fingerprint = parallel_callable(
  File "/usr/local/lib/python3.8/dist-packages/jax/linear_util.py", line 295, in memoized_fun
    ans = call(fun, *args)
  File "/usr/local/lib/python3.8/dist-packages/jax/interpreters/pxla.py", line 935, in parallel_callable
    pmap_computation = lower_parallel_callable(
  File "/usr/local/lib/python3.8/dist-packages/jax/_src/profiler.py", line 294, in wrapper
    return func(*args, **kwargs)
  File "/usr/local/lib/python3.8/dist-packages/jax/interpreters/pxla.py", line 1108, in lower_parallel_callable
    jaxpr, consts, replicas, parts, shards = stage_parallel_callable(
  File "/usr/local/lib/python3.8/dist-packages/jax/interpreters/pxla.py", line 1015, in stage_parallel_callable
    jaxpr, out_sharded_avals, consts = pe.trace_to_jaxpr_final(
  File "/usr/local/lib/python3.8/dist-packages/jax/_src/profiler.py", line 294, in wrapper
    return func(*args, **kwargs)
  File "/usr/local/lib/python3.8/dist-packages/jax/interpreters/partial_eval.py", line 2176, in trace_to_jaxpr_final
    jaxpr, out_avals, consts = trace_to_subjaxpr_dynamic(
  File "/usr/local/lib/python3.8/dist-packages/jax/interpreters/partial_eval.py", line 2109, in trace_to_subjaxpr_dynamic
    ans = fun.call_wrapped(*in_tracers_)
  File "/usr/local/lib/python3.8/dist-packages/jax/linear_util.py", line 168, in call_wrapped
    ans = self.f(*args, **dict(self.params, **kwargs))
  File "/home/anthonypark6904/trainer_module/train_module.py", line 116, in linear_train_step
    accuracy = top_k(logits, label)
  File "/usr/local/lib/python3.8/dist-packages/jax/_src/traceback_util.py", line 162, in reraise_with_filtered_traceback
    return fun(*args, **kwargs)
  File "/usr/local/lib/python3.8/dist-packages/jax/_src/api.py", line 527, in cache_miss
    out_flat = xla.xla_call(
  File "/usr/local/lib/python3.8/dist-packages/jax/core.py", line 1937, in bind
    return call_bind(self, fun, *args, **params)
  File "/usr/local/lib/python3.8/dist-packages/jax/core.py", line 1953, in call_bind
    outs = top_trace.process_call(primitive, fun_, tracers, params)
  File "/usr/local/lib/python3.8/dist-packages/jax/interpreters/partial_eval.py", line 1843, in process_call
    jaxpr, out_type, consts = trace_to_subjaxpr_dynamic2(f, self.main, debug_info=dbg)
  File "/usr/local/lib/python3.8/dist-packages/jax/interpreters/partial_eval.py", line 2138, in trace_to_subjaxpr_dynamic2
    ans = fun.call_wrapped(*in_tracers_)
  File "/usr/local/lib/python3.8/dist-packages/jax/linear_util.py", line 168, in call_wrapped
    ans = self.f(*args, **dict(self.params, **kwargs))
jax._src.traceback_util.UnfilteredStackTrace: TypeError: top_k() missing 1 required positional argument: 'k'
The stack trace below excludes JAX-internal frames.
The preceding is the original exception that occurred, unmodified.
--------------------
The above exception was the direct cause of the following exception:
Traceback (most recent call last):
  File "main.py", line 63, in <module>
    trainer.linear_train_model(train_dataloader, test_dataloader, 'semi-supervised',num_epochs=config['linear_evaluation_epoch'])
  File "/home/anthonypark6904/trainer_module/train_module.py", line 233, in linear_train_model
    self.linear_train_epoch(epoch_idx, train_dataloader, test_dataloader, train_type=train_type)
  File "/home/anthonypark6904/trainer_module/train_module.py", line 246, in linear_train_epoch
    self.state, train_loss, train_accuarcy, train_top_k_accuarcy = self.linear_train_step(self.state, train_batch)
  File "/home/anthonypark6904/trainer_module/train_module.py", line 116, in linear_train_step
    accuracy = top_k(logits, label)
TypeError: top_k() missing 1 required positional argument: 'k'